<?xml version="1.0" encoding="UTF-8"?>
<coverage generated="1722403144875" clover="3.2.0">
  <project timestamp="1722403144875" name="All files">
    <metrics statements="9" coveredstatements="5" conditionals="0" coveredconditionals="0" methods="2" coveredmethods="0" elements="11" coveredelements="5" complexity="0" loc="9" ncloc="9" packages="1" files="1" classes="1"/>
    <file name="userServices.js" path="D:\NodeJS_FS_Frondend_tutorials_point\services\userServices.js">
      <metrics statements="9" coveredstatements="5" conditionals="0" coveredconditionals="0" methods="2" coveredmethods="0"/>
      <line num="1" count="1" type="stmt"/>
      <line num="2" count="1" type="stmt"/>
      <line num="4" count="1" type="stmt"/>
      <line num="5" count="0" type="stmt"/>
      <line num="16" count="0" type="stmt"/>
      <line num="19" count="1" type="stmt"/>
      <line num="20" count="0" type="stmt"/>
      <line num="24" count="0" type="stmt"/>
      <line num="27" count="1" type="stmt"/>
    </file>
  </project>
</coverage>
